<?xml version="1.0" encoding="UTF-8"?>
<!-- Generated by org.testng.reporters.JUnitXMLReporter -->
<testsuite ignored="0" hostname="Zaid" failures="0" tests="4" name="Default test" time="0.524" errors="0" timestamp="2023-11-13T07:58:46 EET">
  <testcase classname="CrudMethodTsting.BasicsCrudMethods" name="AddNewData" time="0.022"/>
  <testcase classname="CrudMethodTsting.BasicsCrudMethods" name="UpdateData" time="0.004"/>
  <testcase classname="CrudMethodTsting.BasicsCrudMethods" name="SelectOneCustomer" time="0.043"/>
  <testcase classname="CrudMethodTsting.BasicsCrudMethods" name="DleteDate" time="0.026"/>
</testsuite> <!-- Default test -->
