<?xml version="1.0" encoding="UTF-8"?>
<!-- Generated by org.testng.reporters.JUnitXMLReporter -->
<testsuite ignored="1" hostname="Zaid" failures="0" tests="3" name="Basic11" time="0.465" errors="0" timestamp="2023-11-13T07:59:12 EET">
  <testcase classname="CrudMethodTsting.BasicsCrudMethods" name="AddNewData" time="0.02"/>
  <testcase classname="CrudMethodTsting.BasicsCrudMethods" name="UpdateData" time="0.003"/>
  <testcase classname="CrudMethodTsting.BasicsCrudMethods" name="SelectOneCustomer" time="0.037"/>
  <testcase classname="CrudMethodTsting.BasicsCrudMethods" name="DleteDate" time="0.0">
    <ignored/>
  </testcase> <!-- DleteDate -->
</testsuite> <!-- Basic11 -->
